<?xml version="1.0" encoding="UTF-8"?>
<!-- Generated by org.testng.reporters.JUnitReportReporter -->
<testsuite skipped="0" hostname="shree-PC" name="databaseConnectivity.ConnectivityOfdata" tests="1" failures="0" timestamp="14 Feb 2019 13:13:19 GMT" time="0.025" errors="0">
  <testcase name="getdata" time="0.025" classname="databaseConnectivity.ConnectivityOfdata"/>
</testsuite> <!-- databaseConnectivity.ConnectivityOfdata -->
